# JRE version: Java(TM) SE Runtime Environment (8.0_251-b08) (build 1.8.0_251-b08)
# Java VM: Java HotSpot(TM) 64-Bit Server VM (25.251-b08 mixed mode windows-amd64 compressed oops)
Heap:
 PSYoungGen      total 115200K, used 26901K [0x00000000f5580000, 0x00000000ffa00000, 0x0000000100000000)
  eden space 58880K, 33% used [0x00000000f5580000,0x00000000f68ae428,0x00000000f8f00000)
  from space 56320K, 12% used [0x00000000f8f00000,0x00000000f9617240,0x00000000fc600000)
  to   space 53248K, 0% used [0x00000000fc600000,0x00000000fc600000,0x00000000ffa00000)
 ParOldGen       total 349696K, used 303008K [0x00000000e0000000, 0x00000000f5580000, 0x00000000f5580000)
  object space 349696K, 86% used [0x00000000e0000000,0x00000000f27e8320,0x00000000f5580000)
 Metaspace       used 156773K, capacity 168308K, committed 169344K, reserved 1196032K
  class space    used 19886K, capacity 22087K, committed 22912K, reserved 1048576K
GC Heap History (10 events):
Event: 13309.817 GC heap before
{Heap before GC invocations=429 (full 27):
 PSYoungGen      total 116736K, used 60043K [0x00000000f5580000, 0x0000000100000000, 0x0000000100000000)
  eden space 58880K, 100% used [0x00000000f5580000,0x00000000f8f00000,0x00000000f8f00000)
  from space 57856K, 2% used [0x00000000fc780000,0x00000000fc8a2c88,0x0000000100000000)
  to   space 57856K, 0% used [0x00000000f8f00000,0x00000000f8f00000,0x00000000fc780000)
 ParOldGen       total 349696K, used 300103K [0x00000000e0000000, 0x00000000f5580000, 0x00000000f5580000)
  object space 349696K, 85% used [0x00000000e0000000,0x00000000f2511de0,0x00000000f5580000)
 Metaspace       used 156659K, capacity 168060K, committed 169344K, reserved 1196032K
  class space    used 19868K, capacity 22057K, committed 22912K, reserved 1048576K
Event: 13309.825 GC heap after
Heap after GC invocations=429 (full 27):
 PSYoungGen      total 116736K, used 1616K [0x00000000f5580000, 0x0000000100000000, 0x0000000100000000)
  eden space 58880K, 0% used [0x00000000f5580000,0x00000000f5580000,0x00000000f8f00000)
  from space 57856K, 2% used [0x00000000f8f00000,0x00000000f9094010,0x00000000fc780000)
  to   space 57856K, 0% used [0x00000000fc780000,0x00000000fc780000,0x0000000100000000)
 ParOldGen       total 349696K, used 300911K [0x00000000e0000000, 0x00000000f5580000, 0x00000000f5580000)
  object space 349696K, 86% used [0x00000000e0000000,0x00000000f25dbc40,0x00000000f5580000)
 Metaspace       used 156659K, capacity 168060K, committed 169344K, reserved 1196032K
  class space    used 19868K, capacity 22057K, committed 22912K, reserved 1048576K
}
Event: 13310.083 GC heap before
{Heap before GC invocations=430 (full 27):
 PSYoungGen      total 116736K, used 60496K [0x00000000f5580000, 0x0000000100000000, 0x0000000100000000)
  eden space 58880K, 100% used [0x00000000f5580000,0x00000000f8f00000,0x00000000f8f00000)
  from space 57856K, 2% used [0x00000000f8f00000,0x00000000f9094010,0x00000000fc780000)
  to   space 57856K, 0% used [0x00000000fc780000,0x00000000fc780000,0x0000000100000000)
 ParOldGen       total 349696K, used 300911K [0x00000000e0000000, 0x00000000f5580000, 0x00000000f5580000)
  object space 349696K, 86% used [0x00000000e0000000,0x00000000f25dbc40,0x00000000f5580000)
 Metaspace       used 156660K, capacity 168060K, committed 169344K, reserved 1196032K
  class space    used 19868K, capacity 22057K, committed 22912K, reserved 1048576K
Event: 13310.091 GC heap after
Heap after GC invocations=430 (full 27):
 PSYoungGen      total 116736K, used 1376K [0x00000000f5580000, 0x0000000100000000, 0x0000000100000000)
  eden space 58880K, 0% used [0x00000000f5580000,0x00000000f5580000,0x00000000f8f00000)
  from space 57856K, 2% used [0x00000000fc780000,0x00000000fc8d8000,0x0000000100000000)
  to   space 57856K, 0% used [0x00000000f8f00000,0x00000000f8f00000,0x00000000fc780000)
 ParOldGen       total 349696K, used 302158K [0x00000000e0000000, 0x00000000f5580000, 0x00000000f5580000)
  object space 349696K, 86% used [0x00000000e0000000,0x00000000f2713b38,0x00000000f5580000)
 Metaspace       used 156660K, capacity 168060K, committed 169344K, reserved 1196032K
  class space    used 19868K, capacity 22057K, committed 22912K, reserved 1048576K
}
Event: 13310.501 GC heap before
{Heap before GC invocations=431 (full 27):
 PSYoungGen      total 116736K, used 60256K [0x00000000f5580000, 0x0000000100000000, 0x0000000100000000)
  eden space 58880K, 100% used [0x00000000f5580000,0x00000000f8f00000,0x00000000f8f00000)
  from space 57856K, 2% used [0x00000000fc780000,0x00000000fc8d8000,0x0000000100000000)
  to   space 57856K, 0% used [0x00000000f8f00000,0x00000000f8f00000,0x00000000fc780000)
 ParOldGen       total 349696K, used 302158K [0x00000000e0000000, 0x00000000f5580000, 0x00000000f5580000)
  object space 349696K, 86% used [0x00000000e0000000,0x00000000f2713b38,0x00000000f5580000)
 Metaspace       used 156668K, capacity 168084K, committed 169344K, reserved 1196032K
  class space    used 19870K, capacity 22061K, committed 22912K, reserved 1048576K
Event: 13310.516 GC heap after
Heap after GC invocations=431 (full 27):
 PSYoungGen      total 116736K, used 1056K [0x00000000f5580000, 0x0000000100000000, 0x0000000100000000)
  eden space 58880K, 0% used [0x00000000f5580000,0x00000000f5580000,0x00000000f8f00000)
  from space 57856K, 1% used [0x00000000f8f00000,0x00000000f9008000,0x00000000fc780000)
  to   space 57856K, 0% used [0x00000000fc780000,0x00000000fc780000,0x0000000100000000)
 ParOldGen       total 349696K, used 303000K [0x00000000e0000000, 0x00000000f5580000, 0x00000000f5580000)
  object space 349696K, 86% used [0x00000000e0000000,0x00000000f27e6320,0x00000000f5580000)
 Metaspace       used 156668K, capacity 168084K, committed 169344K, reserved 1196032K
  class space    used 19870K, capacity 22061K, committed 22912K, reserved 1048576K
}
Event: 20818.267 GC heap before
{Heap before GC invocations=432 (full 27):
 PSYoungGen      total 116736K, used 59936K [0x00000000f5580000, 0x0000000100000000, 0x0000000100000000)
  eden space 58880K, 100% used [0x00000000f5580000,0x00000000f8f00000,0x00000000f8f00000)
  from space 57856K, 1% used [0x00000000f8f00000,0x00000000f9008000,0x00000000fc780000)
  to   space 57856K, 0% used [0x00000000fc780000,0x00000000fc780000,0x0000000100000000)
 ParOldGen       total 349696K, used 303000K [0x00000000e0000000, 0x00000000f5580000, 0x00000000f5580000)
  object space 349696K, 86% used [0x00000000e0000000,0x00000000f27e6320,0x00000000f5580000)
 Metaspace       used 156673K, capacity 168084K, committed 169344K, reserved 1196032K
  class space    used 19870K, capacity 22061K, committed 22912K, reserved 1048576K
Event: 20818.585 GC heap after
Heap after GC invocations=432 (full 27):
 PSYoungGen      total 113664K, used 1192K [0x00000000f5580000, 0x00000000ffd00000, 0x0000000100000000)
  eden space 58880K, 0% used [0x00000000f5580000,0x00000000f5580000,0x00000000f8f00000)
  from space 54784K, 2% used [0x00000000fc780000,0x00000000fc8aa340,0x00000000ffd00000)
  to   space 56320K, 0% used [0x00000000f8f00000,0x00000000f8f00000,0x00000000fc600000)
 ParOldGen       total 349696K, used 303000K [0x00000000e0000000, 0x00000000f5580000, 0x00000000f5580000)
  object space 349696K, 86% used [0x00000000e0000000,0x00000000f27e6320,0x00000000f5580000)
 Metaspace       used 156673K, capacity 168084K, committed 169344K, reserved 1196032K
  class space    used 19870K, capacity 22061K, committed 22912K, reserved 1048576K
}
Event: 23488.386 GC heap before
{Heap before GC invocations=433 (full 27):
 PSYoungGen      total 113664K, used 60072K [0x00000000f5580000, 0x00000000ffd00000, 0x0000000100000000)
  eden space 58880K, 100% used [0x00000000f5580000,0x00000000f8f00000,0x00000000f8f00000)
  from space 54784K, 2% used [0x00000000fc780000,0x00000000fc8aa340,0x00000000ffd00000)
  to   space 56320K, 0% used [0x00000000f8f00000,0x00000000f8f00000,0x00000000fc600000)
 ParOldGen       total 349696K, used 303000K [0x00000000e0000000, 0x00000000f5580000, 0x00000000f5580000)
  object space 349696K, 86% used [0x00000000e0000000,0x00000000f27e6320,0x00000000f5580000)
 Metaspace       used 156715K, capacity 168194K, committed 169344K, reserved 1196032K
  class space    used 19875K, capacity 22068K, committed 22912K, reserved 1048576K
Event: 23488.617 GC heap after
Heap after GC invocations=433 (full 27):
 PSYoungGen      total 115200K, used 7260K [0x00000000f5580000, 0x00000000ffa00000, 0x0000000100000000)
  eden space 58880K, 0% used [0x00000000f5580000,0x00000000f5580000,0x00000000f8f00000)
  from space 56320K, 12% used [0x00000000f8f00000,0x00000000f9617240,0x00000000fc600000)
  to   space 53248K, 0% used [0x00000000fc600000,0x00000000fc600000,0x00000000ffa00000)
 ParOldGen       total 349696K, used 303008K [0x00000000e0000000, 0x00000000f5580000, 0x00000000f5580000)
  object space 349696K, 86% used [0x00000000e0000000,0x00000000f27e8320,0x00000000f5580000)
 Metaspace       used 156715K, capacity 168194K, committed 169344K, reserved 1196032K
  class space    used 19875K, capacity 22068K, committed 22912K, reserved 1048576K
}

